Iteration 0
set([])
[(9, (3, 4)), (9, (3, 3)), (9, (3, 2)), (9, (2, 4)), (9, (2, 3)), (9, (2, 2))]
3 4 => 2 5

Iteration 1
set([(2, 5)])
[(9, (3, 3)), (9, (3, 2)), (9, (2, 3)), (9, (2, 2)), (8, (3, 4)), (8, (2, 4))]
3 3 => 4 2

Iteration 2
set([(4, 2), (2, 5)])
[(9, (2, 3)), (9, (2, 2)), (8, (3, 4)), (8, (3, 3)), (8, (3, 2)), (8, (2, 4))]
2 3 => 2 3

Iteration 3
set([(4, 2), (2, 5), (2, 3)])
[(8, (2, 3)), (8, (2, 2)), (7, (3, 4)), (7, (3, 3)), (7, (3, 2)), (7, (2, 4))]
2 3 => 2 4

Iteration 4
set([(4, 2), (2, 5), (2, 3), (2, 4)])
[(8, (2, 2)), (7, (3, 2)), (7, (2, 3)), (6, (3, 4)), (6, (3, 3)), (6, (2, 4))]
2 2 => 1 1

Iteration 5
set([(4, 2), (2, 5), (2, 3), (2, 4), (1, 1)])
[(7, (3, 2)), (7, (2, 3)), (7, (2, 2)), (6, (3, 4)), (6, (3, 3)), (6, (2, 4))]
3 2 => 4 2

Iteration 6
set([(4, 2), (2, 5), (2, 3), (2, 4), (1, 1)])
3 2 => 4 1

Iteration 7
set([(1, 1), (2, 3), (4, 2), (2, 5), (4, 1), (2, 4)])
[(7, (2, 3)), (7, (2, 2)), (6, (3, 4)), (6, (3, 3)), (6, (3, 2)), (6, (2, 4))]
2 3 => 2 4

Iteration 8
set([(1, 1), (2, 3), (4, 2), (2, 5), (4, 1), (2, 4)])
2 3 => 1 4

Iteration 9
set([(1, 4), (1, 1), (2, 3), (4, 2), (2, 5), (4, 1), (2, 4)])
[(7, (2, 2)), (6, (3, 4)), (6, (3, 3)), (6, (3, 2)), (6, (2, 3)), (5, (2, 4))]
2 2 => 3 1

Iteration 10
set([(3, 1), (1, 4), (1, 1), (2, 3), (4, 2), (2, 5), (4, 1), (2, 4)])
[(6, (3, 4)), (6, (3, 3)), (6, (2, 3)), (6, (2, 2)), (5, (3, 2)), (5, (2, 4))]
3 4 => 2 4

Iteration 11
set([(3, 1), (1, 4), (1, 1), (2, 3), (4, 2), (2, 5), (4, 1), (2, 4)])
3 4 => 4 4

Iteration 12
set([(4, 4), (3, 1), (1, 4), (1, 1), (2, 3), (4, 2), (2, 5), (4, 1), (2, 4)])
[(6, (2, 3)), (6, (2, 2)), (5, (3, 4)), (5, (3, 3)), (5, (3, 2)), (5, (2, 4))]
2 3 => 1 3

Iteration 13
set([(4, 4), (3, 1), (1, 4), (1, 1), (1, 3), (2, 3), (4, 2), (2, 5), (4, 1), (2, 4)])
[(5, (3, 4)), (5, (3, 3)), (5, (3, 2)), (5, (2, 3)), (5, (2, 2)), (4, (2, 4))]
3 4 => 2 3

Iteration 14
set([(4, 4), (3, 1), (1, 4), (1, 1), (1, 3), (2, 3), (4, 2), (2, 5), (4, 1), (2, 4)])
3 4 => 3 4

Iteration 15
set([(4, 4), (3, 4), (3, 1), (1, 4), (1, 1), (1, 3), (2, 3), (4, 2), (2, 5), (4, 1), (2, 4)])
[(5, (3, 2)), (5, (2, 2)), (4, (3, 4)), (4, (3, 3)), (4, (2, 3)), (3, (2, 4))]
3 2 => 2 1

Iteration 16
set([(4, 4), (3, 4), (3, 1), (1, 4), (1, 1), (1, 3), (2, 3), (2, 1), (4, 2), (2, 5), (4, 1), (2, 4)])
[(4, (3, 4)), (4, (3, 3)), (4, (3, 2)), (4, (2, 3)), (4, (2, 2)), (3, (2, 4))]
3 4 => 2 4

Iteration 17
set([(4, 4), (3, 4), (3, 1), (1, 4), (1, 1), (1, 3), (2, 3), (2, 1), (4, 2), (2, 5), (4, 1), (2, 4)])
3 4 => 2 3

Iteration 18
set([(4, 4), (3, 4), (3, 1), (1, 4), (1, 1), (1, 3), (2, 3), (2, 1), (4, 2), (2, 5), (4, 1), (2, 4)])
3 4 => 4 4

Iteration 19
set([(4, 4), (3, 4), (3, 1), (1, 4), (1, 1), (1, 3), (2, 3), (2, 1), (4, 2), (2, 5), (4, 1), (2, 4)])
3 4 => 3 3

Iteration 20
set([(4, 4), (3, 3), (3, 4), (3, 1), (1, 4), (1, 1), (1, 3), (2, 3), (2, 1), (4, 2), (2, 5), (4, 1), (2, 4)])
[(3, (3, 4)), (3, (3, 3)), (3, (3, 2)), (3, (2, 3)), (3, (2, 2)), (2, (2, 4))]
3 4 => 4 5

Iteration 21
set([(4, 4), (3, 3), (4, 5), (3, 4), (3, 1), (1, 4), (1, 1), (1, 3), (2, 3), (2, 1), (4, 2), (2, 5), (4, 1), (2, 4)])
[(3, (3, 3)), (3, (3, 2)), (3, (2, 3)), (3, (2, 2)), (2, (3, 4)), (2, (2, 4))]
3 3 => 2 2

Iteration 22
set([(4, 4), (3, 3), (4, 5), (3, 4), (3, 1), (1, 4), (1, 1), (1, 3), (2, 3), (2, 1), (2, 2), (4, 2), (2, 5), (4, 1), (2, 4)])
[(2, (3, 4)), (2, (3, 3)), (2, (3, 2)), (2, (2, 4)), (2, (2, 3)), (2, (2, 2))]
3 4 => 4 5

Iteration 23
set([(4, 4), (3, 3), (4, 5), (3, 4), (3, 1), (1, 4), (1, 1), (1, 3), (2, 3), (2, 1), (2, 2), (4, 2), (2, 5), (4, 1), (2, 4)])
3 4 => 4 4

Iteration 24
set([(4, 4), (3, 3), (4, 5), (3, 4), (3, 1), (1, 4), (1, 1), (1, 3), (2, 3), (2, 1), (2, 2), (4, 2), (2, 5), (4, 1), (2, 4)])
3 4 => 4 5

Iteration 25
set([(4, 4), (3, 3), (4, 5), (3, 4), (3, 1), (1, 4), (1, 1), (1, 3), (2, 3), (2, 1), (2, 2), (4, 2), (2, 5), (4, 1), (2, 4)])
3 4 => 2 4

Iteration 26
set([(4, 4), (3, 3), (4, 5), (3, 4), (3, 1), (1, 4), (1, 1), (1, 3), (2, 3), (2, 1), (2, 2), (4, 2), (2, 5), (4, 1), (2, 4)])
3 4 => 4 5

Iteration 27
set([(4, 4), (3, 3), (4, 5), (3, 4), (3, 1), (1, 4), (1, 1), (1, 3), (2, 3), (2, 1), (2, 2), (4, 2), (2, 5), (4, 1), (2, 4)])
3 4 => 3 4

Iteration 28
set([(4, 4), (3, 3), (4, 5), (3, 4), (3, 1), (1, 4), (1, 1), (1, 3), (2, 3), (2, 1), (2, 2), (4, 2), (2, 5), (4, 1), (2, 4)])
3 4 => 2 3

Iteration 29
set([(4, 4), (3, 3), (4, 5), (3, 4), (3, 1), (1, 4), (1, 1), (1, 3), (2, 3), (2, 1), (2, 2), (4, 2), (2, 5), (4, 1), (2, 4)])
3 4 => 4 4

Iteration 30
set([(4, 4), (3, 3), (4, 5), (3, 4), (3, 1), (1, 4), (1, 1), (1, 3), (2, 3), (2, 1), (2, 2), (4, 2), (2, 5), (4, 1), (2, 4)])
3 4 => 2 4

Iteration 31
set([(4, 4), (3, 3), (4, 5), (3, 4), (3, 1), (1, 4), (1, 1), (1, 3), (2, 3), (2, 1), (2, 2), (4, 2), (2, 5), (4, 1), (2, 4)])
3 4 => 4 5

Iteration 32
set([(4, 4), (3, 3), (4, 5), (3, 4), (3, 1), (1, 4), (1, 1), (1, 3), (2, 3), (2, 1), (2, 2), (4, 2), (2, 5), (4, 1), (2, 4)])
3 4 => 3 4

Iteration 33
set([(4, 4), (3, 3), (4, 5), (3, 4), (3, 1), (1, 4), (1, 1), (1, 3), (2, 3), (2, 1), (2, 2), (4, 2), (2, 5), (4, 1), (2, 4)])
3 4 => 3 5

Iteration 34
set([(4, 4), (3, 3), (4, 5), (3, 4), (3, 1), (1, 4), (1, 1), (1, 3), (2, 3), (2, 1), (2, 2), (4, 2), (2, 5), (4, 1), (2, 4), (3, 5)])
[(2, (3, 3)), (2, (3, 2)), (2, (2, 3)), (2, (2, 2)), (1, (3, 4)), (1, (2, 4))]
3 3 => 3 3

Iteration 35
set([(4, 4), (3, 3), (4, 5), (3, 4), (3, 1), (1, 4), (1, 1), (1, 3), (2, 3), (2, 1), (2, 2), (4, 2), (2, 5), (4, 1), (2, 4), (3, 5)])
3 3 => 3 2

Iteration 36
set([(3, 2), (4, 4), (3, 3), (4, 5), (3, 4), (3, 1), (1, 4), (1, 1), (1, 3), (2, 3), (2, 1), (2, 2), (4, 2), (2, 5), (4, 1), (2, 4), (3, 5)])
[(1, (3, 4)), (1, (3, 3)), (1, (3, 2)), (1, (2, 4)), (1, (2, 3)), (1, (2, 2))]
3 4 => 2 5

Iteration 37
set([(3, 2), (4, 4), (3, 3), (4, 5), (3, 4), (3, 1), (1, 4), (1, 1), (1, 3), (2, 3), (2, 1), (2, 2), (4, 2), (2, 5), (4, 1), (2, 4), (3, 5)])
3 4 => 4 4

Iteration 38
set([(3, 2), (4, 4), (3, 3), (4, 5), (3, 4), (3, 1), (1, 4), (1, 1), (1, 3), (2, 3), (2, 1), (2, 2), (4, 2), (2, 5), (4, 1), (2, 4), (3, 5)])
3 4 => 3 3

Iteration 39
set([(3, 2), (4, 4), (3, 3), (4, 5), (3, 4), (3, 1), (1, 4), (1, 1), (1, 3), (2, 3), (2, 1), (2, 2), (4, 2), (2, 5), (4, 1), (2, 4), (3, 5)])
3 4 => 3 5

Iteration 40
set([(3, 2), (4, 4), (3, 3), (4, 5), (3, 4), (3, 1), (1, 4), (1, 1), (1, 3), (2, 3), (2, 1), (2, 2), (4, 2), (2, 5), (4, 1), (2, 4), (3, 5)])
3 4 => 4 4

Iteration 41
set([(3, 2), (4, 4), (3, 3), (4, 5), (3, 4), (3, 1), (1, 4), (1, 1), (1, 3), (2, 3), (2, 1), (2, 2), (4, 2), (2, 5), (4, 1), (2, 4), (3, 5)])
3 4 => 4 3

Iteration 42
set([(3, 2), (4, 4), (3, 3), (4, 5), (3, 4), (3, 1), (1, 4), (1, 1), (1, 3), (2, 3), (2, 1), (4, 3), (2, 2), (4, 2), (2, 5), (4, 1), (2, 4), (3, 5)])
[(1, (2, 4)), (1, (2, 3)), (1, (2, 2)), (0, (3, 4)), (0, (3, 3)), (0, (3, 2))]
2 4 => 2 5

Iteration 43
set([(3, 2), (4, 4), (3, 3), (4, 5), (3, 4), (3, 1), (1, 4), (1, 1), (1, 3), (2, 3), (2, 1), (4, 3), (2, 2), (4, 2), (2, 5), (4, 1), (2, 4), (3, 5)])
2 4 => 2 4

Iteration 44
set([(3, 2), (4, 4), (3, 3), (4, 5), (3, 4), (3, 1), (1, 4), (1, 1), (1, 3), (2, 3), (2, 1), (4, 3), (2, 2), (4, 2), (2, 5), (4, 1), (2, 4), (3, 5)])
2 4 => 1 4

Iteration 45
set([(3, 2), (4, 4), (3, 3), (4, 5), (3, 4), (3, 1), (1, 4), (1, 1), (1, 3), (2, 3), (2, 1), (4, 3), (2, 2), (4, 2), (2, 5), (4, 1), (2, 4), (3, 5)])
2 4 => 3 3

Iteration 46
set([(3, 2), (4, 4), (3, 3), (4, 5), (3, 4), (3, 1), (1, 4), (1, 1), (1, 3), (2, 3), (2, 1), (4, 3), (2, 2), (4, 2), (2, 5), (4, 1), (2, 4), (3, 5)])
2 4 => 3 5

Iteration 47
set([(3, 2), (4, 4), (3, 3), (4, 5), (3, 4), (3, 1), (1, 4), (1, 1), (1, 3), (2, 3), (2, 1), (4, 3), (2, 2), (4, 2), (2, 5), (4, 1), (2, 4), (3, 5)])
2 4 => 3 5

Iteration 48
set([(3, 2), (4, 4), (3, 3), (4, 5), (3, 4), (3, 1), (1, 4), (1, 1), (1, 3), (2, 3), (2, 1), (4, 3), (2, 2), (4, 2), (2, 5), (4, 1), (2, 4), (3, 5)])
2 4 => 3 4

Iteration 49
set([(3, 2), (4, 4), (3, 3), (4, 5), (3, 4), (3, 1), (1, 4), (1, 1), (1, 3), (2, 3), (2, 1), (4, 3), (2, 2), (4, 2), (2, 5), (4, 1), (2, 4), (3, 5)])
2 4 => 2 4

Iteration 50
set([(3, 2), (4, 4), (3, 3), (4, 5), (3, 4), (3, 1), (1, 4), (1, 1), (1, 3), (2, 3), (2, 1), (4, 3), (2, 2), (4, 2), (2, 5), (4, 1), (2, 4), (3, 5)])
2 4 => 1 5

Iteration 51
set([(3, 2), (4, 4), (3, 3), (4, 5), (3, 4), (3, 1), (1, 4), (1, 1), (1, 5), (1, 3), (2, 3), (2, 1), (4, 3), (2, 2), (4, 2), (2, 5), (4, 1), (2, 4), (3, 5)])
[(1, (2, 3)), (1, (2, 2)), (0, (3, 4)), (0, (3, 3)), (0, (3, 2)), (0, (2, 4))]
2 3 => 2 2

Iteration 52
set([(3, 2), (4, 4), (3, 3), (4, 5), (3, 4), (3, 1), (1, 4), (1, 1), (1, 5), (1, 3), (2, 3), (2, 1), (4, 3), (2, 2), (4, 2), (2, 5), (4, 1), (2, 4), (3, 5)])
2 3 => 2 3

Iteration 53
set([(3, 2), (4, 4), (3, 3), (4, 5), (3, 4), (3, 1), (1, 4), (1, 1), (1, 5), (1, 3), (2, 3), (2, 1), (4, 3), (2, 2), (4, 2), (2, 5), (4, 1), (2, 4), (3, 5)])
2 3 => 2 3

Iteration 54
set([(3, 2), (4, 4), (3, 3), (4, 5), (3, 4), (3, 1), (1, 4), (1, 1), (1, 5), (1, 3), (2, 3), (2, 1), (4, 3), (2, 2), (4, 2), (2, 5), (4, 1), (2, 4), (3, 5)])
2 3 => 2 3

Iteration 55
set([(3, 2), (4, 4), (3, 3), (4, 5), (3, 4), (3, 1), (1, 4), (1, 1), (1, 5), (1, 3), (2, 3), (2, 1), (4, 3), (2, 2), (4, 2), (2, 5), (4, 1), (2, 4), (3, 5)])
2 3 => 2 3

Iteration 56
set([(3, 2), (4, 4), (3, 3), (4, 5), (3, 4), (3, 1), (1, 4), (1, 1), (1, 5), (1, 3), (2, 3), (2, 1), (4, 3), (2, 2), (4, 2), (2, 5), (4, 1), (2, 4), (3, 5)])
2 3 => 0 0

Iteration 0
set([])
[(9, (3, 4)), (9, (3, 3)), (9, (3, 2)), (9, (2, 4)), (9, (2, 3)), (9, (2, 2))]
3 4 => 4 5

Iteration 1
set([(4, 5)])
[(9, (3, 3)), (9, (3, 2)), (9, (2, 4)), (9, (2, 3)), (9, (2, 2)), (8, (3, 4))]
3 3 => 2 2

Iteration 2
set([(4, 5), (2, 2)])
[(9, (2, 4)), (8, (3, 4)), (8, (3, 3)), (8, (3, 2)), (8, (2, 3)), (8, (2, 2))]
2 4 => 3 5

Iteration 3
set([(4, 5), (3, 5), (2, 2)])
[(8, (3, 3)), (8, (3, 2)), (8, (2, 4)), (8, (2, 3)), (8, (2, 2)), (7, (3, 4))]
3 3 => 4 2

Iteration 4
set([(4, 5), (4, 2), (3, 5), (2, 2)])
[(8, (2, 4)), (8, (2, 3)), (8, (2, 2)), (7, (3, 4)), (7, (3, 3)), (7, (3, 2))]
2 4 => 2 4

Iteration 5
set([(4, 5), (4, 2), (3, 5), (2, 4), (2, 2)])
[(8, (2, 2)), (7, (3, 2)), (7, (2, 4)), (7, (2, 3)), (6, (3, 4)), (6, (3, 3))]
2 2 => 2 1

Iteration 6
set([(4, 5), (2, 1), (2, 2), (4, 2), (2, 4), (3, 5)])
[(7, (2, 4)), (7, (2, 3)), (7, (2, 2)), (6, (3, 4)), (6, (3, 3)), (6, (3, 2))]
2 4 => 2 4

Iteration 7
set([(4, 5), (2, 1), (2, 2), (4, 2), (2, 4), (3, 5)])
2 4 => 3 5

Iteration 8
set([(4, 5), (2, 1), (2, 2), (4, 2), (2, 4), (3, 5)])
2 4 => 3 4

Iteration 9
set([(4, 5), (2, 1), (2, 2), (4, 2), (3, 4), (2, 4), (3, 5)])
[(7, (2, 2)), (6, (3, 2)), (6, (2, 4)), (6, (2, 3)), (5, (3, 4)), (5, (3, 3))]
2 2 => 2 1

Iteration 10
set([(4, 5), (2, 1), (2, 2), (4, 2), (3, 4), (2, 4), (3, 5)])
2 2 => 1 1

Iteration 11
set([(4, 5), (2, 1), (1, 1), (2, 2), (4, 2), (3, 4), (2, 4), (3, 5)])
[(6, (3, 2)), (6, (2, 4)), (6, (2, 3)), (6, (2, 2)), (5, (3, 4)), (5, (3, 3))]
3 2 => 3 1

Iteration 12
set([(4, 5), (3, 1), (2, 1), (1, 1), (2, 2), (4, 2), (3, 4), (2, 4), (3, 5)])
[(6, (2, 4)), (6, (2, 3)), (5, (3, 4)), (5, (3, 3)), (5, (3, 2)), (5, (2, 2))]
2 4 => 2 5

Iteration 13
set([(4, 5), (3, 1), (2, 1), (1, 1), (2, 2), (4, 2), (2, 5), (3, 4), (2, 4), (3, 5)])
[(6, (2, 3)), (5, (3, 3)), (5, (3, 2)), (5, (2, 4)), (5, (2, 2)), (4, (3, 4))]
2 3 => 2 3

Iteration 14
set([(4, 5), (3, 1), (2, 1), (1, 1), (2, 3), (2, 2), (4, 2), (2, 5), (3, 4), (2, 4), (3, 5)])
[(5, (2, 3)), (4, (3, 3)), (4, (3, 2)), (4, (2, 4)), (4, (2, 2)), (3, (3, 4))]
2 3 => 1 2

Iteration 15
set([(1, 2), (4, 5), (3, 1), (2, 1), (1, 1), (2, 3), (2, 2), (4, 2), (2, 5), (3, 4), (2, 4), (3, 5)])
[(4, (3, 3)), (4, (3, 2)), (4, (2, 4)), (4, (2, 3)), (3, (3, 4)), (3, (2, 2))]
3 3 => 2 2

Iteration 16
set([(1, 2), (4, 5), (3, 1), (2, 1), (1, 1), (2, 3), (2, 2), (4, 2), (2, 5), (3, 4), (2, 4), (3, 5)])
3 3 => 3 4

Iteration 17
set([(1, 2), (4, 5), (3, 1), (2, 1), (1, 1), (2, 3), (2, 2), (4, 2), (2, 5), (3, 4), (2, 4), (3, 5)])
3 3 => 4 2

Iteration 18
set([(1, 2), (4, 5), (3, 1), (2, 1), (1, 1), (2, 3), (2, 2), (4, 2), (2, 5), (3, 4), (2, 4), (3, 5)])
3 3 => 4 4

Iteration 19
set([(1, 2), (4, 4), (4, 5), (3, 1), (2, 1), (1, 1), (2, 3), (2, 2), (4, 2), (2, 5), (3, 4), (2, 4), (3, 5)])
[(4, (3, 2)), (4, (2, 4)), (4, (2, 3)), (3, (3, 3)), (3, (2, 2)), (2, (3, 4))]
3 2 => 4 3

Iteration 20
set([(1, 2), (4, 4), (4, 5), (3, 1), (2, 1), (1, 1), (2, 3), (4, 3), (2, 2), (4, 2), (2, 5), (3, 4), (2, 4), (3, 5)])
[(4, (2, 4)), (4, (2, 3)), (3, (3, 2)), (3, (2, 2)), (2, (3, 3)), (1, (3, 4))]
2 4 => 3 5

Iteration 21
set([(1, 2), (4, 4), (4, 5), (3, 1), (2, 1), (1, 1), (2, 3), (4, 3), (2, 2), (4, 2), (2, 5), (3, 4), (2, 4), (3, 5)])
2 4 => 2 5

Iteration 22
set([(1, 2), (4, 4), (4, 5), (3, 1), (2, 1), (1, 1), (2, 3), (4, 3), (2, 2), (4, 2), (2, 5), (3, 4), (2, 4), (3, 5)])
2 4 => 3 3

Iteration 23
set([(1, 2), (4, 4), (3, 3), (4, 5), (3, 1), (2, 1), (1, 1), (2, 3), (4, 3), (2, 2), (4, 2), (2, 5), (3, 4), (2, 4), (3, 5)])
[(3, (2, 4)), (3, (2, 3)), (2, (3, 2)), (2, (2, 2)), (1, (3, 3)), (0, (3, 4))]
2 4 => 3 5

Iteration 24
set([(1, 2), (4, 4), (3, 3), (4, 5), (3, 1), (2, 1), (1, 1), (2, 3), (4, 3), (2, 2), (4, 2), (2, 5), (3, 4), (2, 4), (3, 5)])
2 4 => 2 4

Iteration 25
set([(1, 2), (4, 4), (3, 3), (4, 5), (3, 1), (2, 1), (1, 1), (2, 3), (4, 3), (2, 2), (4, 2), (2, 5), (3, 4), (2, 4), (3, 5)])
2 4 => 2 5

Iteration 26
set([(1, 2), (4, 4), (3, 3), (4, 5), (3, 1), (2, 1), (1, 1), (2, 3), (4, 3), (2, 2), (4, 2), (2, 5), (3, 4), (2, 4), (3, 5)])
2 4 => 2 5

Iteration 27
set([(1, 2), (4, 4), (3, 3), (4, 5), (3, 1), (2, 1), (1, 1), (2, 3), (4, 3), (2, 2), (4, 2), (2, 5), (3, 4), (2, 4), (3, 5)])
2 4 => 2 5

Iteration 28
set([(1, 2), (4, 4), (3, 3), (4, 5), (3, 1), (2, 1), (1, 1), (2, 3), (4, 3), (2, 2), (4, 2), (2, 5), (3, 4), (2, 4), (3, 5)])
2 4 => 3 4

Iteration 29
set([(1, 2), (4, 4), (3, 3), (4, 5), (3, 1), (2, 1), (1, 1), (2, 3), (4, 3), (2, 2), (4, 2), (2, 5), (3, 4), (2, 4), (3, 5)])
2 4 => 2 5

Iteration 30
set([(1, 2), (4, 4), (3, 3), (4, 5), (3, 1), (2, 1), (1, 1), (2, 3), (4, 3), (2, 2), (4, 2), (2, 5), (3, 4), (2, 4), (3, 5)])
2 4 => 3 4

Iteration 31
set([(1, 2), (4, 4), (3, 3), (4, 5), (3, 1), (2, 1), (1, 1), (2, 3), (4, 3), (2, 2), (4, 2), (2, 5), (3, 4), (2, 4), (3, 5)])
2 4 => 1 3

Iteration 32
set([(1, 2), (4, 4), (3, 3), (4, 5), (3, 1), (2, 1), (1, 1), (1, 3), (2, 3), (4, 3), (2, 2), (4, 2), (2, 5), (3, 4), (2, 4), (3, 5)])
[(2, (3, 2)), (2, (2, 4)), (2, (2, 3)), (1, (3, 3)), (1, (2, 2)), (0, (3, 4))]
3 2 => 4 1

Iteration 33
set([(1, 2), (4, 4), (3, 3), (4, 5), (4, 1), (3, 1), (2, 1), (1, 1), (1, 3), (2, 3), (4, 3), (2, 2), (4, 2), (2, 5), (3, 4), (2, 4), (3, 5)])
[(2, (2, 4)), (2, (2, 3)), (1, (3, 3)), (1, (3, 2)), (1, (2, 2)), (0, (3, 4))]
2 4 => 3 3

Iteration 34
set([(1, 2), (4, 4), (3, 3), (4, 5), (4, 1), (3, 1), (2, 1), (1, 1), (1, 3), (2, 3), (4, 3), (2, 2), (4, 2), (2, 5), (3, 4), (2, 4), (3, 5)])
2 4 => 3 3

Iteration 35
set([(1, 2), (4, 4), (3, 3), (4, 5), (4, 1), (3, 1), (2, 1), (1, 1), (1, 3), (2, 3), (4, 3), (2, 2), (4, 2), (2, 5), (3, 4), (2, 4), (3, 5)])
2 4 => 3 5

Iteration 36
set([(1, 2), (4, 4), (3, 3), (4, 5), (4, 1), (3, 1), (2, 1), (1, 1), (1, 3), (2, 3), (4, 3), (2, 2), (4, 2), (2, 5), (3, 4), (2, 4), (3, 5)])
2 4 => 2 4

Iteration 37
set([(1, 2), (4, 4), (3, 3), (4, 5), (4, 1), (3, 1), (2, 1), (1, 1), (1, 3), (2, 3), (4, 3), (2, 2), (4, 2), (2, 5), (3, 4), (2, 4), (3, 5)])
2 4 => 2 4

Iteration 38
set([(1, 2), (4, 4), (3, 3), (4, 5), (4, 1), (3, 1), (2, 1), (1, 1), (1, 3), (2, 3), (4, 3), (2, 2), (4, 2), (2, 5), (3, 4), (2, 4), (3, 5)])
2 4 => 1 3

Iteration 39
set([(1, 2), (4, 4), (3, 3), (4, 5), (4, 1), (3, 1), (2, 1), (1, 1), (1, 3), (2, 3), (4, 3), (2, 2), (4, 2), (2, 5), (3, 4), (2, 4), (3, 5)])
2 4 => 2 5

Iteration 40
set([(1, 2), (4, 4), (3, 3), (4, 5), (4, 1), (3, 1), (2, 1), (1, 1), (1, 3), (2, 3), (4, 3), (2, 2), (4, 2), (2, 5), (3, 4), (2, 4), (3, 5)])
2 4 => 2 3

Iteration 41
set([(1, 2), (4, 4), (3, 3), (4, 5), (4, 1), (3, 1), (2, 1), (1, 1), (1, 3), (2, 3), (4, 3), (2, 2), (4, 2), (2, 5), (3, 4), (2, 4), (3, 5)])
2 4 => 3 5

Iteration 42
set([(1, 2), (4, 4), (3, 3), (4, 5), (4, 1), (3, 1), (2, 1), (1, 1), (1, 3), (2, 3), (4, 3), (2, 2), (4, 2), (2, 5), (3, 4), (2, 4), (3, 5)])
2 4 => 3 3

Iteration 43
set([(1, 2), (4, 4), (3, 3), (4, 5), (4, 1), (3, 1), (2, 1), (1, 1), (1, 3), (2, 3), (4, 3), (2, 2), (4, 2), (2, 5), (3, 4), (2, 4), (3, 5)])
2 4 => 3 3

Iteration 44
set([(1, 2), (4, 4), (3, 3), (4, 5), (4, 1), (3, 1), (2, 1), (1, 1), (1, 3), (2, 3), (4, 3), (2, 2), (4, 2), (2, 5), (3, 4), (2, 4), (3, 5)])
2 4 => 2 3

Iteration 45
set([(1, 2), (4, 4), (3, 3), (4, 5), (4, 1), (3, 1), (2, 1), (1, 1), (1, 3), (2, 3), (4, 3), (2, 2), (4, 2), (2, 5), (3, 4), (2, 4), (3, 5)])
2 4 => 1 5

Iteration 46
set([(1, 2), (4, 4), (3, 3), (4, 5), (4, 1), (3, 1), (2, 1), (1, 1), (1, 5), (1, 3), (2, 3), (4, 3), (2, 2), (4, 2), (2, 5), (3, 4), (2, 4), (3, 5)])
[(2, (2, 3)), (1, (3, 3)), (1, (3, 2)), (1, (2, 4)), (1, (2, 2)), (0, (3, 4))]
2 3 => 1 3

Iteration 47
set([(1, 2), (4, 4), (3, 3), (4, 5), (4, 1), (3, 1), (2, 1), (1, 1), (1, 5), (1, 3), (2, 3), (4, 3), (2, 2), (4, 2), (2, 5), (3, 4), (2, 4), (3, 5)])
2 3 => 3 2

Iteration 48
set([(1, 2), (3, 2), (4, 4), (3, 3), (4, 5), (4, 1), (3, 1), (2, 1), (1, 1), (1, 5), (1, 3), (2, 3), (4, 3), (2, 2), (4, 2), (2, 5), (3, 4), (2, 4), (3, 5)])
[(1, (2, 4)), (1, (2, 3)), (0, (3, 4)), (0, (3, 3)), (0, (3, 2)), (0, (2, 2))]
2 4 => 1 5

Iteration 49
set([(1, 2), (3, 2), (4, 4), (3, 3), (4, 5), (4, 1), (3, 1), (2, 1), (1, 1), (1, 5), (1, 3), (2, 3), (4, 3), (2, 2), (4, 2), (2, 5), (3, 4), (2, 4), (3, 5)])
2 4 => 2 5

Iteration 50
set([(1, 2), (3, 2), (4, 4), (3, 3), (4, 5), (4, 1), (3, 1), (2, 1), (1, 1), (1, 5), (1, 3), (2, 3), (4, 3), (2, 2), (4, 2), (2, 5), (3, 4), (2, 4), (3, 5)])
2 4 => 0 0

Iteration 0
set([])
[(9, (3, 4)), (9, (3, 3)), (9, (3, 2)), (9, (2, 4)), (9, (2, 3)), (9, (2, 2))]
3 4 => 2 4

Iteration 1
set([(2, 4)])
[(9, (3, 2)), (9, (2, 2)), (8, (3, 4)), (8, (3, 3)), (8, (2, 4)), (8, (2, 3))]
3 2 => 3 2

Iteration 2
set([(3, 2), (2, 4)])
[(8, (3, 4)), (8, (3, 2)), (8, (2, 4)), (8, (2, 2)), (7, (3, 3)), (7, (2, 3))]
3 4 => 3 3

Iteration 3
set([(3, 2), (2, 4), (3, 3)])
[(7, (3, 4)), (7, (3, 2)), (7, (2, 4)), (7, (2, 2)), (6, (3, 3)), (6, (2, 3))]
3 4 => 2 5

Iteration 4
set([(2, 5), (3, 2), (2, 4), (3, 3)])
[(7, (3, 2)), (7, (2, 2)), (6, (3, 4)), (6, (3, 3)), (6, (2, 4)), (6, (2, 3))]
3 2 => 2 1

Iteration 5
set([(2, 5), (3, 2), (2, 4), (2, 1), (3, 3)])
[(6, (3, 4)), (6, (3, 3)), (6, (3, 2)), (6, (2, 4)), (6, (2, 3)), (6, (2, 2))]
3 4 => 4 4

Iteration 6
set([(3, 2), (3, 3), (4, 4), (2, 1), (2, 5), (2, 4)])
[(6, (3, 2)), (6, (2, 4)), (6, (2, 3)), (6, (2, 2)), (5, (3, 4)), (5, (3, 3))]
3 2 => 4 2

Iteration 7
set([(3, 2), (3, 3), (4, 4), (2, 1), (4, 2), (2, 5), (2, 4)])
[(6, (2, 4)), (6, (2, 3)), (6, (2, 2)), (5, (3, 4)), (5, (3, 2)), (4, (3, 3))]
2 4 => 2 3

Iteration 8
set([(3, 2), (3, 3), (4, 4), (2, 1), (2, 3), (4, 2), (2, 5), (2, 4)])
[(5, (2, 4)), (5, (2, 3)), (5, (2, 2)), (4, (3, 4)), (4, (3, 2)), (3, (3, 3))]
2 4 => 2 5

Iteration 9
set([(3, 2), (3, 3), (4, 4), (2, 1), (2, 3), (4, 2), (2, 5), (2, 4)])
2 4 => 2 5

Iteration 10
set([(3, 2), (3, 3), (4, 4), (2, 1), (2, 3), (4, 2), (2, 5), (2, 4)])
2 4 => 3 3

Iteration 11
set([(3, 2), (3, 3), (4, 4), (2, 1), (2, 3), (4, 2), (2, 5), (2, 4)])
2 4 => 3 4

Iteration 12
set([(3, 2), (3, 3), (4, 4), (2, 1), (2, 3), (4, 2), (2, 5), (3, 4), (2, 4)])
[(5, (2, 2)), (4, (3, 2)), (4, (2, 4)), (4, (2, 3)), (3, (3, 4)), (2, (3, 3))]
2 2 => 1 1

Iteration 13
set([(3, 2), (3, 3), (4, 4), (2, 1), (1, 1), (2, 3), (4, 2), (2, 5), (3, 4), (2, 4)])
[(4, (3, 2)), (4, (2, 4)), (4, (2, 3)), (4, (2, 2)), (3, (3, 4)), (2, (3, 3))]
3 2 => 4 2

Iteration 14
set([(3, 2), (3, 3), (4, 4), (2, 1), (1, 1), (2, 3), (4, 2), (2, 5), (3, 4), (2, 4)])
3 2 => 4 3

Iteration 15
set([(3, 2), (3, 3), (4, 4), (2, 1), (1, 1), (2, 3), (4, 3), (4, 2), (2, 5), (3, 4), (2, 4)])
[(4, (2, 4)), (4, (2, 3)), (4, (2, 2)), (3, (3, 2)), (2, (3, 4)), (1, (3, 3))]
2 4 => 3 5

Iteration 16
set([(3, 2), (3, 3), (4, 4), (2, 1), (1, 1), (2, 3), (4, 3), (4, 2), (2, 5), (3, 4), (2, 4), (3, 5)])
[(4, (2, 3)), (4, (2, 2)), (3, (3, 2)), (3, (2, 4)), (1, (3, 4)), (1, (3, 3))]
2 3 => 2 4

Iteration 17
set([(3, 2), (3, 3), (4, 4), (2, 1), (1, 1), (2, 3), (4, 3), (4, 2), (2, 5), (3, 4), (2, 4), (3, 5)])
2 3 => 2 4

Iteration 18
set([(3, 2), (3, 3), (4, 4), (2, 1), (1, 1), (2, 3), (4, 3), (4, 2), (2, 5), (3, 4), (2, 4), (3, 5)])
2 3 => 3 2

Iteration 19
set([(3, 2), (3, 3), (4, 4), (2, 1), (1, 1), (2, 3), (4, 3), (4, 2), (2, 5), (3, 4), (2, 4), (3, 5)])
2 3 => 1 2

Iteration 20
set([(1, 2), (3, 2), (3, 3), (4, 4), (2, 1), (1, 1), (2, 3), (4, 3), (4, 2), (2, 5), (3, 4), (2, 4), (3, 5)])
[(3, (3, 2)), (3, (2, 4)), (3, (2, 3)), (3, (2, 2)), (1, (3, 4)), (1, (3, 3))]
3 2 => 4 2

Iteration 21
set([(1, 2), (3, 2), (3, 3), (4, 4), (2, 1), (1, 1), (2, 3), (4, 3), (4, 2), (2, 5), (3, 4), (2, 4), (3, 5)])
3 2 => 3 1

Iteration 22
set([(1, 2), (3, 2), (3, 1), (3, 3), (4, 4), (2, 1), (1, 1), (2, 3), (4, 3), (4, 2), (2, 5), (3, 4), (2, 4), (3, 5)])
[(3, (2, 4)), (3, (2, 3)), (2, (3, 2)), (2, (2, 2)), (1, (3, 4)), (1, (3, 3))]
2 4 => 2 4

Iteration 23
set([(1, 2), (3, 2), (3, 1), (3, 3), (4, 4), (2, 1), (1, 1), (2, 3), (4, 3), (4, 2), (2, 5), (3, 4), (2, 4), (3, 5)])
2 4 => 2 4

Iteration 24
set([(1, 2), (3, 2), (3, 1), (3, 3), (4, 4), (2, 1), (1, 1), (2, 3), (4, 3), (4, 2), (2, 5), (3, 4), (2, 4), (3, 5)])
2 4 => 2 5

Iteration 25
set([(1, 2), (3, 2), (3, 1), (3, 3), (4, 4), (2, 1), (1, 1), (2, 3), (4, 3), (4, 2), (2, 5), (3, 4), (2, 4), (3, 5)])
2 4 => 3 5

Iteration 26
set([(1, 2), (3, 2), (3, 1), (3, 3), (4, 4), (2, 1), (1, 1), (2, 3), (4, 3), (4, 2), (2, 5), (3, 4), (2, 4), (3, 5)])
2 4 => 3 5

Iteration 27
set([(1, 2), (3, 2), (3, 1), (3, 3), (4, 4), (2, 1), (1, 1), (2, 3), (4, 3), (4, 2), (2, 5), (3, 4), (2, 4), (3, 5)])
2 4 => 3 3

Iteration 28
set([(1, 2), (3, 2), (3, 1), (3, 3), (4, 4), (2, 1), (1, 1), (2, 3), (4, 3), (4, 2), (2, 5), (3, 4), (2, 4), (3, 5)])
2 4 => 3 5

Iteration 29
set([(1, 2), (3, 2), (3, 1), (3, 3), (4, 4), (2, 1), (1, 1), (2, 3), (4, 3), (4, 2), (2, 5), (3, 4), (2, 4), (3, 5)])
2 4 => 3 4

Iteration 30
set([(1, 2), (3, 2), (3, 1), (3, 3), (4, 4), (2, 1), (1, 1), (2, 3), (4, 3), (4, 2), (2, 5), (3, 4), (2, 4), (3, 5)])
2 4 => 3 3

Iteration 31
set([(1, 2), (3, 2), (3, 1), (3, 3), (4, 4), (2, 1), (1, 1), (2, 3), (4, 3), (4, 2), (2, 5), (3, 4), (2, 4), (3, 5)])
2 4 => 3 4

Iteration 32
set([(1, 2), (3, 2), (3, 1), (3, 3), (4, 4), (2, 1), (1, 1), (2, 3), (4, 3), (4, 2), (2, 5), (3, 4), (2, 4), (3, 5)])
2 4 => 1 3

Iteration 33
set([(1, 2), (3, 2), (3, 1), (3, 3), (4, 4), (2, 1), (1, 1), (1, 3), (2, 3), (4, 3), (4, 2), (2, 5), (3, 4), (2, 4), (3, 5)])
[(2, (3, 2)), (2, (2, 4)), (2, (2, 3)), (1, (3, 4)), (1, (3, 3)), (1, (2, 2))]
3 2 => 4 3

Iteration 34
set([(1, 2), (3, 2), (3, 1), (3, 3), (4, 4), (2, 1), (1, 1), (1, 3), (2, 3), (4, 3), (4, 2), (2, 5), (3, 4), (2, 4), (3, 5)])
3 2 => 2 3

Iteration 35
set([(1, 2), (3, 2), (3, 1), (3, 3), (4, 4), (2, 1), (1, 1), (1, 3), (2, 3), (4, 3), (4, 2), (2, 5), (3, 4), (2, 4), (3, 5)])
3 2 => 3 1

Iteration 36
set([(1, 2), (3, 2), (3, 1), (3, 3), (4, 4), (2, 1), (1, 1), (1, 3), (2, 3), (4, 3), (4, 2), (2, 5), (3, 4), (2, 4), (3, 5)])
3 2 => 2 3

Iteration 37
set([(1, 2), (3, 2), (3, 1), (3, 3), (4, 4), (2, 1), (1, 1), (1, 3), (2, 3), (4, 3), (4, 2), (2, 5), (3, 4), (2, 4), (3, 5)])
3 2 => 4 1

Iteration 38
set([(1, 2), (3, 2), (3, 1), (3, 3), (4, 1), (4, 4), (2, 1), (1, 1), (1, 3), (2, 3), (4, 3), (4, 2), (2, 5), (3, 4), (2, 4), (3, 5)])
[(2, (2, 4)), (2, (2, 3)), (1, (3, 4)), (1, (3, 3)), (1, (3, 2)), (1, (2, 2))]
2 4 => 2 3

Iteration 39
set([(1, 2), (3, 2), (3, 1), (3, 3), (4, 1), (4, 4), (2, 1), (1, 1), (1, 3), (2, 3), (4, 3), (4, 2), (2, 5), (3, 4), (2, 4), (3, 5)])
2 4 => 3 3

Iteration 40
set([(1, 2), (3, 2), (3, 1), (3, 3), (4, 1), (4, 4), (2, 1), (1, 1), (1, 3), (2, 3), (4, 3), (4, 2), (2, 5), (3, 4), (2, 4), (3, 5)])
2 4 => 3 5

Iteration 41
set([(1, 2), (3, 2), (3, 1), (3, 3), (4, 1), (4, 4), (2, 1), (1, 1), (1, 3), (2, 3), (4, 3), (4, 2), (2, 5), (3, 4), (2, 4), (3, 5)])
2 4 => 2 5

Iteration 42
set([(1, 2), (3, 2), (3, 1), (3, 3), (4, 1), (4, 4), (2, 1), (1, 1), (1, 3), (2, 3), (4, 3), (4, 2), (2, 5), (3, 4), (2, 4), (3, 5)])
2 4 => 1 3

Iteration 43
set([(1, 2), (3, 2), (3, 1), (3, 3), (4, 1), (4, 4), (2, 1), (1, 1), (1, 3), (2, 3), (4, 3), (4, 2), (2, 5), (3, 4), (2, 4), (3, 5)])
2 4 => 2 3

Iteration 44
set([(1, 2), (3, 2), (3, 1), (3, 3), (4, 1), (4, 4), (2, 1), (1, 1), (1, 3), (2, 3), (4, 3), (4, 2), (2, 5), (3, 4), (2, 4), (3, 5)])
2 4 => 1 4

Iteration 45
set([(1, 2), (3, 2), (3, 1), (3, 3), (4, 1), (4, 4), (2, 1), (1, 1), (1, 3), (2, 3), (1, 4), (4, 3), (4, 2), (2, 5), (3, 4), (2, 4), (3, 5)])
[(1, (3, 4)), (1, (3, 3)), (1, (3, 2)), (1, (2, 4)), (1, (2, 3)), (1, (2, 2))]
3 4 => 3 3

Iteration 46
set([(1, 2), (3, 2), (3, 1), (3, 3), (4, 1), (4, 4), (2, 1), (1, 1), (1, 3), (2, 3), (1, 4), (4, 3), (4, 2), (2, 5), (3, 4), (2, 4), (3, 5)])
3 4 => 2 5

Iteration 47
set([(1, 2), (3, 2), (3, 1), (3, 3), (4, 1), (4, 4), (2, 1), (1, 1), (1, 3), (2, 3), (1, 4), (4, 3), (4, 2), (2, 5), (3, 4), (2, 4), (3, 5)])
3 4 => 2 5

Iteration 48
set([(1, 2), (3, 2), (3, 1), (3, 3), (4, 1), (4, 4), (2, 1), (1, 1), (1, 3), (2, 3), (1, 4), (4, 3), (4, 2), (2, 5), (3, 4), (2, 4), (3, 5)])
3 4 => 4 4

Iteration 49
set([(1, 2), (3, 2), (3, 1), (3, 3), (4, 1), (4, 4), (2, 1), (1, 1), (1, 3), (2, 3), (1, 4), (4, 3), (4, 2), (2, 5), (3, 4), (2, 4), (3, 5)])
3 4 => 3 4

Iteration 50
set([(1, 2), (3, 2), (3, 1), (3, 3), (4, 1), (4, 4), (2, 1), (1, 1), (1, 3), (2, 3), (1, 4), (4, 3), (4, 2), (2, 5), (3, 4), (2, 4), (3, 5)])
3 4 => 3 4

Iteration 51
set([(1, 2), (3, 2), (3, 1), (3, 3), (4, 1), (4, 4), (2, 1), (1, 1), (1, 3), (2, 3), (1, 4), (4, 3), (4, 2), (2, 5), (3, 4), (2, 4), (3, 5)])
3 4 => 3 4

Iteration 52
set([(1, 2), (3, 2), (3, 1), (3, 3), (4, 1), (4, 4), (2, 1), (1, 1), (1, 3), (2, 3), (1, 4), (4, 3), (4, 2), (2, 5), (3, 4), (2, 4), (3, 5)])
3 4 => 4 4

Iteration 53
set([(1, 2), (3, 2), (3, 1), (3, 3), (4, 1), (4, 4), (2, 1), (1, 1), (1, 3), (2, 3), (1, 4), (4, 3), (4, 2), (2, 5), (3, 4), (2, 4), (3, 5)])
3 4 => 3 5

Iteration 54
set([(1, 2), (3, 2), (3, 1), (3, 3), (4, 1), (4, 4), (2, 1), (1, 1), (1, 3), (2, 3), (1, 4), (4, 3), (4, 2), (2, 5), (3, 4), (2, 4), (3, 5)])
3 4 => 2 3

Iteration 55
set([(1, 2), (3, 2), (3, 1), (3, 3), (4, 1), (4, 4), (2, 1), (1, 1), (1, 3), (2, 3), (1, 4), (4, 3), (4, 2), (2, 5), (3, 4), (2, 4), (3, 5)])
3 4 => 4 4

Iteration 56
set([(1, 2), (3, 2), (3, 1), (3, 3), (4, 1), (4, 4), (2, 1), (1, 1), (1, 3), (2, 3), (1, 4), (4, 3), (4, 2), (2, 5), (3, 4), (2, 4), (3, 5)])
3 4 => 3 3

Iteration 57
set([(1, 2), (3, 2), (3, 1), (3, 3), (4, 1), (4, 4), (2, 1), (1, 1), (1, 3), (2, 3), (1, 4), (4, 3), (4, 2), (2, 5), (3, 4), (2, 4), (3, 5)])
3 4 => 3 4

Iteration 58
set([(1, 2), (3, 2), (3, 1), (3, 3), (4, 1), (4, 4), (2, 1), (1, 1), (1, 3), (2, 3), (1, 4), (4, 3), (4, 2), (2, 5), (3, 4), (2, 4), (3, 5)])
3 4 => 2 4

Iteration 59
set([(1, 2), (3, 2), (3, 1), (3, 3), (4, 1), (4, 4), (2, 1), (1, 1), (1, 3), (2, 3), (1, 4), (4, 3), (4, 2), (2, 5), (3, 4), (2, 4), (3, 5)])
3 4 => 3 3

Iteration 60
set([(1, 2), (3, 2), (3, 1), (3, 3), (4, 1), (4, 4), (2, 1), (1, 1), (1, 3), (2, 3), (1, 4), (4, 3), (4, 2), (2, 5), (3, 4), (2, 4), (3, 5)])
3 4 => 3 4

Iteration 61
set([(1, 2), (3, 2), (3, 1), (3, 3), (4, 1), (4, 4), (2, 1), (1, 1), (1, 3), (2, 3), (1, 4), (4, 3), (4, 2), (2, 5), (3, 4), (2, 4), (3, 5)])
3 4 => 4 4

Iteration 62
set([(1, 2), (3, 2), (3, 1), (3, 3), (4, 1), (4, 4), (2, 1), (1, 1), (1, 3), (2, 3), (1, 4), (4, 3), (4, 2), (2, 5), (3, 4), (2, 4), (3, 5)])
3 4 => 4 5

Iteration 63
set([(1, 2), (3, 2), (3, 1), (3, 3), (4, 5), (4, 1), (4, 4), (2, 1), (1, 1), (1, 3), (2, 3), (1, 4), (4, 3), (4, 2), (2, 5), (3, 4), (2, 4), (3, 5)])
[(1, (3, 3)), (1, (3, 2)), (1, (2, 4)), (1, (2, 3)), (1, (2, 2)), (0, (3, 4))]
3 3 => 2 2

Iteration 64
set([(1, 2), (3, 2), (3, 1), (3, 3), (4, 5), (4, 1), (4, 4), (2, 1), (1, 1), (1, 3), (2, 3), (1, 4), (4, 3), (2, 2), (4, 2), (2, 5), (3, 4), (2, 4), (3, 5)])
[(1, (2, 4)), (0, (3, 4)), (0, (3, 3)), (0, (3, 2)), (0, (2, 3)), (0, (2, 2))]
2 4 => 3 5

Iteration 65
set([(1, 2), (3, 2), (3, 1), (3, 3), (4, 5), (4, 1), (4, 4), (2, 1), (1, 1), (1, 3), (2, 3), (1, 4), (4, 3), (2, 2), (4, 2), (2, 5), (3, 4), (2, 4), (3, 5)])
2 4 => 1 4

Iteration 66
set([(1, 2), (3, 2), (3, 1), (3, 3), (4, 5), (4, 1), (4, 4), (2, 1), (1, 1), (1, 3), (2, 3), (1, 4), (4, 3), (2, 2), (4, 2), (2, 5), (3, 4), (2, 4), (3, 5)])
2 4 => 2 3

Iteration 67
set([(1, 2), (3, 2), (3, 1), (3, 3), (4, 5), (4, 1), (4, 4), (2, 1), (1, 1), (1, 3), (2, 3), (1, 4), (4, 3), (2, 2), (4, 2), (2, 5), (3, 4), (2, 4), (3, 5)])
2 4 => 2 3

Iteration 68
set([(1, 2), (3, 2), (3, 1), (3, 3), (4, 5), (4, 1), (4, 4), (2, 1), (1, 1), (1, 3), (2, 3), (1, 4), (4, 3), (2, 2), (4, 2), (2, 5), (3, 4), (2, 4), (3, 5)])
2 4 => 2 4

Iteration 69
set([(1, 2), (3, 2), (3, 1), (3, 3), (4, 5), (4, 1), (4, 4), (2, 1), (1, 1), (1, 3), (2, 3), (1, 4), (4, 3), (2, 2), (4, 2), (2, 5), (3, 4), (2, 4), (3, 5)])
2 4 => 1 4

Iteration 70
set([(1, 2), (3, 2), (3, 1), (3, 3), (4, 5), (4, 1), (4, 4), (2, 1), (1, 1), (1, 3), (2, 3), (1, 4), (4, 3), (2, 2), (4, 2), (2, 5), (3, 4), (2, 4), (3, 5)])
2 4 => 3 3

Iteration 71
set([(1, 2), (3, 2), (3, 1), (3, 3), (4, 5), (4, 1), (4, 4), (2, 1), (1, 1), (1, 3), (2, 3), (1, 4), (4, 3), (2, 2), (4, 2), (2, 5), (3, 4), (2, 4), (3, 5)])
2 4 => 2 5

Iteration 72
set([(1, 2), (3, 2), (3, 1), (3, 3), (4, 5), (4, 1), (4, 4), (2, 1), (1, 1), (1, 3), (2, 3), (1, 4), (4, 3), (2, 2), (4, 2), (2, 5), (3, 4), (2, 4), (3, 5)])
2 4 => 1 3

Iteration 73
set([(1, 2), (3, 2), (3, 1), (3, 3), (4, 5), (4, 1), (4, 4), (2, 1), (1, 1), (1, 3), (2, 3), (1, 4), (4, 3), (2, 2), (4, 2), (2, 5), (3, 4), (2, 4), (3, 5)])
2 4 => 3 3

Iteration 74
set([(1, 2), (3, 2), (3, 1), (3, 3), (4, 5), (4, 1), (4, 4), (2, 1), (1, 1), (1, 3), (2, 3), (1, 4), (4, 3), (2, 2), (4, 2), (2, 5), (3, 4), (2, 4), (3, 5)])
2 4 => 1 4

Iteration 75
set([(1, 2), (3, 2), (3, 1), (3, 3), (4, 5), (4, 1), (4, 4), (2, 1), (1, 1), (1, 3), (2, 3), (1, 4), (4, 3), (2, 2), (4, 2), (2, 5), (3, 4), (2, 4), (3, 5)])
2 4 => 3 3

Iteration 76
set([(1, 2), (3, 2), (3, 1), (3, 3), (4, 5), (4, 1), (4, 4), (2, 1), (1, 1), (1, 3), (2, 3), (1, 4), (4, 3), (2, 2), (4, 2), (2, 5), (3, 4), (2, 4), (3, 5)])
2 4 => 1 4

Iteration 77
set([(1, 2), (3, 2), (3, 1), (3, 3), (4, 5), (4, 1), (4, 4), (2, 1), (1, 1), (1, 3), (2, 3), (1, 4), (4, 3), (2, 2), (4, 2), (2, 5), (3, 4), (2, 4), (3, 5)])
2 4 => 3 4

Iteration 78
set([(1, 2), (3, 2), (3, 1), (3, 3), (4, 5), (4, 1), (4, 4), (2, 1), (1, 1), (1, 3), (2, 3), (1, 4), (4, 3), (2, 2), (4, 2), (2, 5), (3, 4), (2, 4), (3, 5)])
2 4 => 3 3

Iteration 79
set([(1, 2), (3, 2), (3, 1), (3, 3), (4, 5), (4, 1), (4, 4), (2, 1), (1, 1), (1, 3), (2, 3), (1, 4), (4, 3), (2, 2), (4, 2), (2, 5), (3, 4), (2, 4), (3, 5)])
2 4 => 2 4

Iteration 80
set([(1, 2), (3, 2), (3, 1), (3, 3), (4, 5), (4, 1), (4, 4), (2, 1), (1, 1), (1, 3), (2, 3), (1, 4), (4, 3), (2, 2), (4, 2), (2, 5), (3, 4), (2, 4), (3, 5)])
2 4 => 3 4

Iteration 81
set([(1, 2), (3, 2), (3, 1), (3, 3), (4, 5), (4, 1), (4, 4), (2, 1), (1, 1), (1, 3), (2, 3), (1, 4), (4, 3), (2, 2), (4, 2), (2, 5), (3, 4), (2, 4), (3, 5)])
2 4 => 1 3

Iteration 82
set([(1, 2), (3, 2), (3, 1), (3, 3), (4, 5), (4, 1), (4, 4), (2, 1), (1, 1), (1, 3), (2, 3), (1, 4), (4, 3), (2, 2), (4, 2), (2, 5), (3, 4), (2, 4), (3, 5)])
2 4 => 2 3

Iteration 83
set([(1, 2), (3, 2), (3, 1), (3, 3), (4, 5), (4, 1), (4, 4), (2, 1), (1, 1), (1, 3), (2, 3), (1, 4), (4, 3), (2, 2), (4, 2), (2, 5), (3, 4), (2, 4), (3, 5)])
2 4 => 3 5

Iteration 84
set([(1, 2), (3, 2), (3, 1), (3, 3), (4, 5), (4, 1), (4, 4), (2, 1), (1, 1), (1, 3), (2, 3), (1, 4), (4, 3), (2, 2), (4, 2), (2, 5), (3, 4), (2, 4), (3, 5)])
2 4 => 1 3

Iteration 85
set([(1, 2), (3, 2), (3, 1), (3, 3), (4, 5), (4, 1), (4, 4), (2, 1), (1, 1), (1, 3), (2, 3), (1, 4), (4, 3), (2, 2), (4, 2), (2, 5), (3, 4), (2, 4), (3, 5)])
2 4 => 3 4

Iteration 86
set([(1, 2), (3, 2), (3, 1), (3, 3), (4, 5), (4, 1), (4, 4), (2, 1), (1, 1), (1, 3), (2, 3), (1, 4), (4, 3), (2, 2), (4, 2), (2, 5), (3, 4), (2, 4), (3, 5)])
2 4 => 3 4

Iteration 87
set([(1, 2), (3, 2), (3, 1), (3, 3), (4, 5), (4, 1), (4, 4), (2, 1), (1, 1), (1, 3), (2, 3), (1, 4), (4, 3), (2, 2), (4, 2), (2, 5), (3, 4), (2, 4), (3, 5)])
2 4 => 1 3

Iteration 88
set([(1, 2), (3, 2), (3, 1), (3, 3), (4, 5), (4, 1), (4, 4), (2, 1), (1, 1), (1, 3), (2, 3), (1, 4), (4, 3), (2, 2), (4, 2), (2, 5), (3, 4), (2, 4), (3, 5)])
2 4 => 3 3

Iteration 89
set([(1, 2), (3, 2), (3, 1), (3, 3), (4, 5), (4, 1), (4, 4), (2, 1), (1, 1), (1, 3), (2, 3), (1, 4), (4, 3), (2, 2), (4, 2), (2, 5), (3, 4), (2, 4), (3, 5)])
2 4 => 2 4

Iteration 90
set([(1, 2), (3, 2), (3, 1), (3, 3), (4, 5), (4, 1), (4, 4), (2, 1), (1, 1), (1, 3), (2, 3), (1, 4), (4, 3), (2, 2), (4, 2), (2, 5), (3, 4), (2, 4), (3, 5)])
2 4 => 2 4

Iteration 91
set([(1, 2), (3, 2), (3, 1), (3, 3), (4, 5), (4, 1), (4, 4), (2, 1), (1, 1), (1, 3), (2, 3), (1, 4), (4, 3), (2, 2), (4, 2), (2, 5), (3, 4), (2, 4), (3, 5)])
2 4 => 3 3

Iteration 92
set([(1, 2), (3, 2), (3, 1), (3, 3), (4, 5), (4, 1), (4, 4), (2, 1), (1, 1), (1, 3), (2, 3), (1, 4), (4, 3), (2, 2), (4, 2), (2, 5), (3, 4), (2, 4), (3, 5)])
2 4 => 0 0

